
/home/runner/work/exp-ndt-welded-joint-iitkgp/exp-ndt-welded-joint-iitkgp/experiment/license/view.js
  1:246  warning  Unnecessary semicolon  no-extra-semi

/home/runner/work/exp-ndt-welded-joint-iitkgp/exp-ndt-welded-joint-iitkgp/experiment/simulation/js/Adilead.js
   13:1   warning  '$' is not defined                        no-undef
   19:1   warning  '$' is not defined                        no-undef
   25:1   warning  '$' is not defined                        no-undef
   31:1   warning  '$' is not defined                        no-undef
   37:1   warning  '$' is not defined                        no-undef
   44:13  warning  'LeaderLine' is not defined               no-undef
   47:15  warning  'LeaderLine' is not defined               no-undef
   54:5   warning  '$' is not defined                        no-undef
   60:5   warning  '$' is not defined                        no-undef
   66:5   warning  '$' is not defined                        no-undef
   72:5   warning  '$' is not defined                        no-undef
   78:5   warning  '$' is not defined                        no-undef
   85:9   warning  'p12' is already defined                  no-redeclare
   85:17  warning  'LeaderLine' is not defined               no-undef
   88:11  warning  'p43' is already defined                  no-redeclare
   88:19  warning  'LeaderLine' is not defined               no-undef
   95:5   warning  '$' is not defined                        no-undef
  101:5   warning  '$' is not defined                        no-undef
  107:5   warning  '$' is not defined                        no-undef
  113:5   warning  '$' is not defined                        no-undef
  119:5   warning  '$' is not defined                        no-undef
  126:9   warning  'p12' is already defined                  no-redeclare
  126:9   warning  'p12' is assigned a value but never used  no-unused-vars
  126:17  warning  'LeaderLine' is not defined               no-undef
  129:11  warning  'p43' is already defined                  no-redeclare
  129:11  warning  'p43' is assigned a value but never used  no-unused-vars
  129:19  warning  'LeaderLine' is not defined               no-undef
  132:19  warning  'LeaderLine' is not defined               no-undef
  145:10  warning  'sleep' is defined but never used         no-unused-vars

/home/runner/work/exp-ndt-welded-joint-iitkgp/exp-ndt-welded-joint-iitkgp/experiment/simulation/js/Adileadf.js
  12:3   warning  '$' is not defined           no-undef
  16:3   warning  '$' is not defined           no-undef
  22:3   warning  '$' is not defined           no-undef
  28:17  warning  'LeaderLine' is not defined  no-undef
  40:3   warning  '$' is not defined           no-undef
  44:3   warning  '$' is not defined           no-undef
  50:3   warning  '$' is not defined           no-undef
  56:9   warning  'p12' is already defined     no-redeclare
  56:17  warning  'LeaderLine' is not defined  no-undef
  66:5   warning  '$' is not defined           no-undef
  70:5   warning  '$' is not defined           no-undef
  76:5   warning  '$' is not defined           no-undef
  82:11  warning  'p12' is already defined     no-redeclare
  82:19  warning  'LeaderLine' is not defined  no-undef

/home/runner/work/exp-ndt-welded-joint-iitkgp/exp-ndt-welded-joint-iitkgp/experiment/simulation/js/adiwesndt.js
   11:9   warning  'i' is not defined                       no-undef
   11:13  warning  'i' is not defined                       no-undef
   11:19  warning  'i' is not defined                       no-undef
   12:13  warning  'i' is not defined                       no-undef
   12:19  warning  'i' is not defined                       no-undef
   15:2   warning  Unnecessary semicolon                    no-extra-semi
   19:6   warning  'k' is not defined                       no-undef
   19:10  warning  'k' is not defined                       no-undef
   19:22  warning  'k' is not defined                       no-undef
   20:7   warning  'j' is not defined                       no-undef
   20:11  warning  'j' is not defined                       no-undef
   20:23  warning  'j' is not defined                       no-undef
   21:13  warning  'k' is not defined                       no-undef
   21:20  warning  'j' is not defined                       no-undef
   22:13  warning  'k' is not defined                       no-undef
   22:19  warning  'j' is not defined                       no-undef
   25:13  warning  'k' is not defined                       no-undef
   30:2   warning  Unnecessary semicolon                    no-extra-semi
   31:13  warning  'cs' is assigned a value but never used  no-unused-vars
   33:10  warning  'adindt' is defined but never used       no-unused-vars
   35:5   warning  '$' is not defined                       no-undef
   36:5   warning  '$' is not defined                       no-undef
   37:5   warning  '$' is not defined                       no-undef
   38:5   warning  '$' is not defined                       no-undef
   39:5   warning  '$' is not defined                       no-undef
   48:5   warning  '$' is not defined                       no-undef
   49:5   warning  '$' is not defined                       no-undef
   50:5   warning  '$' is not defined                       no-undef
   51:5   warning  '$' is not defined                       no-undef
   57:9   warning  '$' is not defined                       no-undef
   61:9   warning  '$' is not defined                       no-undef
   67:9   warning  '$' is not defined                       no-undef
   73:19  warning  'LeaderLine' is not defined              no-undef
   79:11  warning  '$' is not defined                       no-undef
   80:9   warning  '$' is not defined                       no-undef
   86:7   warning  '$' is not defined                       no-undef
   87:7   warning  '$' is not defined                       no-undef
   91:7   warning  '$' is not defined                       no-undef
   97:7   warning  '$' is not defined                       no-undef
  103:17  warning  'LeaderLine' is not defined              no-undef
  108:7   warning  '$' is not defined                       no-undef
  109:7   warning  '$' is not defined                       no-undef
  114:7   warning  '$' is not defined                       no-undef
  116:7   warning  '$' is not defined                       no-undef
  123:5   warning  '$' is not defined                       no-undef
  129:1   warning  '$' is not defined                       no-undef
  135:5   warning  '$' is not defined                       no-undef
  141:5   warning  '$' is not defined                       no-undef
  147:13  warning  'LeaderLine' is not defined              no-undef
  151:7   warning  'p34' is not defined                     no-undef
  151:15  warning  'LeaderLine' is not defined              no-undef
  156:7   warning  'p34' is not defined                     no-undef
  158:7   warning  '$' is not defined                       no-undef
  159:7   warning  '$' is not defined                       no-undef
  168:7   warning  'p34' is not defined                     no-undef
  174:7   warning  '$' is not defined                       no-undef
  175:5   warning  '$' is not defined                       no-undef
  176:5   warning  '$' is not defined                       no-undef
  178:5   warning  '$' is not defined                       no-undef
  179:7   warning  '$' is not defined                       no-undef
  180:7   warning  '$' is not defined                       no-undef
  181:7   warning  '$' is not defined                       no-undef
  185:7   warning  '$' is not defined                       no-undef
  186:7   warning  '$' is not defined                       no-undef
  187:7   warning  '$' is not defined                       no-undef
  188:7   warning  '$' is not defined                       no-undef
  191:7   warning  '$' is not defined                       no-undef
  192:7   warning  '$' is not defined                       no-undef
  193:7   warning  '$' is not defined                       no-undef
  194:7   warning  '$' is not defined                       no-undef
  195:11  warning  '$' is not defined                       no-undef
  196:11  warning  '$' is not defined                       no-undef
  197:11  warning  '$' is not defined                       no-undef
  201:7   warning  '$' is not defined                       no-undef
  202:7   warning  '$' is not defined                       no-undef
  203:7   warning  '$' is not defined                       no-undef
  204:7   warning  '$' is not defined                       no-undef
  205:11  warning  '$' is not defined                       no-undef
  206:11  warning  '$' is not defined                       no-undef
  207:11  warning  '$' is not defined                       no-undef
  212:7   warning  '$' is not defined                       no-undef
  213:7   warning  '$' is not defined                       no-undef
  214:7   warning  '$' is not defined                       no-undef
  215:7   warning  '$' is not defined                       no-undef
  216:11  warning  '$' is not defined                       no-undef
  217:11  warning  '$' is not defined                       no-undef
  218:11  warning  '$' is not defined                       no-undef
  226:7   warning  'p34' is not defined                     no-undef
  231:5   warning  '$' is not defined                       no-undef
  232:5   warning  '$' is not defined                       no-undef
  233:5   warning  '$' is not defined                       no-undef
  236:7   warning  '$' is not defined                       no-undef
  239:9   warning  '$' is not defined                       no-undef
  240:9   warning  '$' is not defined                       no-undef
  244:7   warning  '$' is not defined                       no-undef
  245:7   warning  '$' is not defined                       no-undef
  246:7   warning  '$' is not defined                       no-undef
  247:7   warning  '$' is not defined                       no-undef
  248:11  warning  '$' is not defined                       no-undef
  249:11  warning  '$' is not defined                       no-undef
  250:11  warning  '$' is not defined                       no-undef
  256:5   warning  '$' is not defined                       no-undef
  259:7   warning  '$' is not defined                       no-undef
  260:7   warning  '$' is not defined                       no-undef
  264:5   warning  '$' is not defined                       no-undef
  265:5   warning  '$' is not defined                       no-undef
  266:5   warning  '$' is not defined                       no-undef
  267:5   warning  '$' is not defined                       no-undef
  268:9   warning  '$' is not defined                       no-undef
  269:9   warning  '$' is not defined                       no-undef
  270:9   warning  '$' is not defined                       no-undef
  275:2   warning  Unnecessary semicolon                    no-extra-semi
  352:7   warning  'Plotly' is not defined                  no-undef
  365:7   warning  'Plotly' is not defined                  no-undef

/home/runner/work/exp-ndt-welded-joint-iitkgp/exp-ndt-welded-joint-iitkgp/experiment/simulation/js/d3.v5.js
      3:72  warning  'exports' is not defined                                                   no-undef
      4:33  warning  'define' is not defined                                                    no-undef
      4:46  warning  'define' is not defined                                                    no-undef
    206:7   warning  Expected a conditional expression and instead saw an assignment            no-cond-assign
    527:11  warning  Expected a conditional expression and instead saw an assignment            no-cond-assign
    533:11  warning  Expected a conditional expression and instead saw an assignment            no-cond-assign
    754:21  warning  Do not access Object.prototype method 'hasOwnProperty' from target object  no-prototype-builtins
    778:11  warning  Expected a conditional expression and instead saw an assignment            no-cond-assign
    791:17  warning  Do not access Object.prototype method 'hasOwnProperty' from target object  no-prototype-builtins
    795:17  warning  Do not access Object.prototype method 'hasOwnProperty' from target object  no-prototype-builtins
    832:21  warning  Do not access Object.prototype method 'hasOwnProperty' from target object  no-prototype-builtins
    896:11  warning  Expected a conditional expression and instead saw an assignment            no-cond-assign
    968:9   warning  Expected a conditional expression and instead saw an assignment            no-cond-assign
    978:9   warning  Expected a conditional expression and instead saw an assignment            no-cond-assign
    996:9   warning  Expected a conditional expression and instead saw an assignment            no-cond-assign
   1011:9   warning  Expected a conditional expression and instead saw an assignment            no-cond-assign
   1057:11  warning  Expected a conditional expression and instead saw an assignment            no-cond-assign
   1087:11  warning  Expected a conditional expression and instead saw an assignment            no-cond-assign
   1104:11  warning  Expected a conditional expression and instead saw an assignment            no-cond-assign
   1123:11  warning  Expected a conditional expression and instead saw an assignment            no-cond-assign
   1176:11  warning  Expected a conditional expression and instead saw an assignment            no-cond-assign
   1558:27  warning  Do not access Object.prototype method 'hasOwnProperty' from target object  no-prototype-builtins
   1727:10  warning  Expected a conditional expression and instead saw an assignment            no-cond-assign
   1916:11  warning  Expected a conditional expression and instead saw an assignment            no-cond-assign
   1928:11  warning  Expected a conditional expression and instead saw an assignment            no-cond-assign
   1942:11  warning  Expected a conditional expression and instead saw an assignment            no-cond-assign
   1965:9   warning  Expected a 'break' statement before 'case'                                 no-fallthrough
   2206:11  warning  Expected a conditional expression and instead saw an assignment            no-cond-assign
   2211:10  warning  Expected a conditional expression and instead saw an assignment            no-cond-assign
   2212:10  warning  Expected a conditional expression and instead saw an assignment            no-cond-assign
   2213:10  warning  Expected a conditional expression and instead saw an assignment            no-cond-assign
   2214:10  warning  Expected a conditional expression and instead saw an assignment            no-cond-assign
   2215:10  warning  Expected a conditional expression and instead saw an assignment            no-cond-assign
   2216:10  warning  Expected a conditional expression and instead saw an assignment            no-cond-assign
   2815:28  warning  Expected a conditional expression and instead saw an assignment            no-cond-assign
   2858:7   warning  Expected a conditional expression and instead saw an assignment            no-cond-assign
   2859:7   warning  Expected a conditional expression and instead saw an assignment            no-cond-assign
   2860:7   warning  Expected a conditional expression and instead saw an assignment            no-cond-assign
   3368:11  warning  Expected a conditional expression and instead saw an assignment            no-cond-assign
   3513:10  warning  Expected a conditional expression and instead saw an assignment            no-cond-assign
   3712:11  warning  Expected a conditional expression and instead saw an assignment            no-cond-assign
   3795:11  warning  Expected a conditional expression and instead saw an assignment            no-cond-assign
   3797:15  warning  Expected a conditional expression and instead saw an assignment            no-cond-assign
   3967:11  warning  Expected a conditional expression and instead saw an assignment            no-cond-assign
   4295:11  warning  Expected a conditional expression and instead saw an assignment            no-cond-assign
   5371:11  warning  Expected a conditional expression and instead saw an assignment            no-cond-assign
   5496:23  warning  Expected a conditional expression and instead saw an assignment            no-cond-assign
   5641:11  warning  Expected a conditional expression and instead saw an assignment            no-cond-assign
   5642:13  warning  Expected a conditional expression and instead saw an assignment            no-cond-assign
   5656:18  warning  Expected a conditional expression and instead saw an assignment            no-cond-assign
   5657:13  warning  Expected a conditional expression and instead saw an assignment            no-cond-assign
   5823:7   warning  Unexpected newline between function and ( of function call                 no-unexpected-multiline
   6085:14  warning  Expected a conditional expression and instead saw an assignment            no-cond-assign
   6255:9   warning  Expected a conditional expression and instead saw an assignment            no-cond-assign
   6256:9   warning  Expected a conditional expression and instead saw an assignment            no-cond-assign
   6268:9   warning  Expected a conditional expression and instead saw an assignment            no-cond-assign
   6269:9   warning  Expected a conditional expression and instead saw an assignment            no-cond-assign
   6357:55  warning  Expected a conditional expression and instead saw an assignment            no-cond-assign
   6399:10  warning  Expected a conditional expression and instead saw an assignment            no-cond-assign
   6421:11  warning  Expected a conditional expression and instead saw an assignment            no-cond-assign
   6471:27  warning  Unexpected constant condition                                              no-constant-condition
   6472:9   warning  Expected a conditional expression and instead saw an assignment            no-cond-assign
   6473:9   warning  Expected a conditional expression and instead saw an assignment            no-cond-assign
   6481:7   warning  Expected a conditional expression and instead saw an assignment            no-cond-assign
   6515:41  warning  Expected a conditional expression and instead saw an assignment            no-cond-assign
   6523:10  warning  Expected a conditional expression and instead saw an assignment            no-cond-assign
   6526:11  warning  Expected a conditional expression and instead saw an assignment            no-cond-assign
   6527:11  warning  Expected a conditional expression and instead saw an assignment            no-cond-assign
   6528:11  warning  Expected a conditional expression and instead saw an assignment            no-cond-assign
   6529:11  warning  Expected a conditional expression and instead saw an assignment            no-cond-assign
   6538:10  warning  Expected a conditional expression and instead saw an assignment            no-cond-assign
   6542:11  warning  Expected a conditional expression and instead saw an assignment            no-cond-assign
   6543:11  warning  Expected a conditional expression and instead saw an assignment            no-cond-assign
   6544:11  warning  Expected a conditional expression and instead saw an assignment            no-cond-assign
   6545:11  warning  Expected a conditional expression and instead saw an assignment            no-cond-assign
   6549:10  warning  Expected a conditional expression and instead saw an assignment            no-cond-assign
   6588:10  warning  Expected a conditional expression and instead saw an assignment            no-cond-assign
   6605:10  warning  Expected a conditional expression and instead saw an assignment            no-cond-assign
   6607:11  warning  Expected a conditional expression and instead saw an assignment            no-cond-assign
   7030:14  warning  Expected a conditional expression and instead saw an assignment            no-cond-assign
   7071:14  warning  Expected a conditional expression and instead saw an assignment            no-cond-assign
   7634:38  warning  Do not access Object.prototype method 'hasOwnProperty' from target object  no-prototype-builtins
   7696:34  warning  Do not access Object.prototype method 'hasOwnProperty' from target object  no-prototype-builtins
   7950:7   warning  Expected a conditional expression and instead saw an assignment            no-cond-assign
   8142:11  warning  Expected a conditional expression and instead saw an assignment            no-cond-assign
   8356:10  warning  Unexpected constant condition                                              no-constant-condition
   9220:43  warning  Do not access Object.prototype method 'hasOwnProperty' from target object  no-prototype-builtins
   9262:40  warning  Do not access Object.prototype method 'hasOwnProperty' from target object  no-prototype-builtins
  10686:10  warning  Expected a conditional expression and instead saw an assignment            no-cond-assign
  10692:10  warning  Expected a conditional expression and instead saw an assignment            no-cond-assign
  10766:12  warning  Expected a conditional expression and instead saw an assignment            no-cond-assign
  10778:10  warning  Expected a conditional expression and instead saw an assignment            no-cond-assign
  10789:10  warning  Expected a conditional expression and instead saw an assignment            no-cond-assign
  10795:10  warning  Expected a conditional expression and instead saw an assignment            no-cond-assign
  10852:10  warning  Expected a conditional expression and instead saw an assignment            no-cond-assign
  10898:10  warning  Expected a conditional expression and instead saw an assignment            no-cond-assign
  11274:9   warning  Expected a conditional expression and instead saw an assignment            no-cond-assign
  11523:10  warning  Expected a conditional expression and instead saw an assignment            no-cond-assign
  11524:9   warning  Expected a conditional expression and instead saw an assignment            no-cond-assign
  12339:11  warning  Expected a conditional expression and instead saw an assignment            no-cond-assign
  12662:9   warning  Expected a conditional expression and instead saw an assignment            no-cond-assign
  13423:15  warning  Expected a conditional expression and instead saw an assignment            no-cond-assign
  14060:13  warning  Expected a conditional expression and instead saw an assignment            no-cond-assign
  15023:7   warning  Expected a 'break' statement before 'default'                              no-fallthrough
  15059:13  warning  Expected a conditional expression and instead saw an assignment            no-cond-assign
  15116:13  warning  Expected a conditional expression and instead saw an assignment            no-cond-assign
  15622:7   warning  Expected a 'break' statement before 'case'                                 no-fallthrough
  15633:7   warning  Expected a 'break' statement before 'default'                              no-fallthrough
  15721:7   warning  Expected a 'break' statement before 'default'                              no-fallthrough
  15829:7   warning  Expected a 'break' statement before 'default'                              no-fallthrough
  15936:7   warning  Expected a 'break' statement before 'default'                              no-fallthrough
  16019:7   warning  Expected a 'break' statement before 'default'                              no-fallthrough
  16150:7   warning  Expected a 'break' statement before 'default'                              no-fallthrough
  16394:7   warning  Expected a 'break' statement before 'default'                              no-fallthrough
  16565:23  warning  Expected a conditional expression and instead saw an assignment            no-cond-assign
  17075:9   warning  Expected a conditional expression and instead saw an assignment            no-cond-assign
  17113:11  warning  Expected a conditional expression and instead saw an assignment            no-cond-assign
  17135:9   warning  Expected a conditional expression and instead saw an assignment            no-cond-assign
  17434:10  warning  Unexpected constant condition                                              no-constant-condition

/home/runner/work/exp-ndt-welded-joint-iitkgp/exp-ndt-welded-joint-iitkgp/experiment/simulation/js/leaderline.js
  2:5      warning  'LeaderLine' is assigned a value but never used                            no-unused-vars
  2:5888   warning  Unnecessary escape character: \-                                           no-useless-escape
  2:5894   warning  Unnecessary escape character: \.                                           no-useless-escape
  2:5903   warning  Unnecessary escape character: \%                                           no-useless-escape
  2:6673   warning  Do not access Object.prototype method 'hasOwnProperty' from target object  no-prototype-builtins
  2:17391  warning  't' is defined but never used                                              no-unused-vars
  2:25784  warning  Expected a conditional expression and instead saw an assignment            no-cond-assign
  2:25814  warning  Unnecessary escape character: \-                                           no-useless-escape
  2:26271  warning  Expected a conditional expression and instead saw an assignment            no-cond-assign
  2:26275  warning  Unnecessary escape character: \#                                           no-useless-escape
  2:27499  warning  Expected a conditional expression and instead saw an assignment            no-cond-assign
  2:59626  warning  Do not access Object.prototype method 'hasOwnProperty' from target object  no-prototype-builtins
  2:59865  warning  Do not access Object.prototype method 'hasOwnProperty' from target object  no-prototype-builtins
  2:68179  warning  't' is defined but never used                                              no-unused-vars
  2:79046  warning  Expected a conditional expression and instead saw an assignment            no-cond-assign
  2:79096  warning  Expected a conditional expression and instead saw an assignment            no-cond-assign
  2:92151  warning  Expected a conditional expression and instead saw an assignment            no-cond-assign
  2:95734  warning  Expected a conditional expression and instead saw an assignment            no-cond-assign

/home/runner/work/exp-ndt-welded-joint-iitkgp/exp-ndt-welded-joint-iitkgp/experiment/simulation/js/plain-draggable.js
     1:5    warning  'PlainDraggable' is assigned a value but never used                        no-unused-vars
    88:10   warning  Unexpected newline between function and ( of function call                 no-unexpected-multiline
   146:9    warning  Expected a conditional expression and instead saw an assignment            no-cond-assign
   561:5    warning  Expected to return a value in method 'get'                                 getter-return
   565:17   warning  Empty block statement                                                      no-empty
   978:121  warning  Do not access Object.prototype method 'hasOwnProperty' from target object  no-prototype-builtins
  1337:76   warning  Expected a conditional expression and instead saw an assignment            no-cond-assign
  1381:14   warning  Expected a conditional expression and instead saw an assignment            no-cond-assign
  1390:14   warning  Expected a conditional expression and instead saw an assignment            no-cond-assign
  2344:18   warning  Expected a conditional expression and instead saw an assignment            no-cond-assign
  2354:15   warning  Expected a conditional expression and instead saw an assignment            no-cond-assign
  2435:25   warning  Do not access Object.prototype method 'hasOwnProperty' from target object  no-prototype-builtins
  2494:25   warning  Do not access Object.prototype method 'hasOwnProperty' from target object  no-prototype-builtins
  2555:27   warning  Do not access Object.prototype method 'hasOwnProperty' from target object  no-prototype-builtins
  3052:9    warning  Expected a conditional expression and instead saw an assignment            no-cond-assign
  3106:7    warning  Expected a conditional expression and instead saw an assignment            no-cond-assign

✖ 311 problems (0 errors, 311 warnings)
  0 errors and 4 warnings potentially fixable with the `--fix` option.

